root@LiveCD ~]cat /Data/Compile/Sources/gtk-doc-1.33.0/config.log
This file contains any messages produced by compilers while
running configure, to aid debugging if configure makes a mistake.

It was created by gtk-doc configure 1.33.0, which was
generated by GNU Autoconf 2.69.  Invocation command line was

  $ ./configure --prefix=/usr --sysconfdir=/System/Settings --localstatedir=/Data/Variable --mandir=/usr/share/man --libexecdir=/usr/lib/gtk-doc --with-xml-catalog=/Data/Variable/lib/xml/catalog

## --------- ##
## Platform. ##
## --------- ##

hostname = LiveCD
uname -m = x86_64
uname -r = 5.6.10-Gobo
uname -s = Linux
uname -v = #1 SMP PREEMPT Tue May 5 12:22:44 -03 2020

/usr/bin/uname -p = unknown
/bin/uname -X     = unknown

/bin/arch              = unknown
/usr/bin/arch -k       = unknown
/usr/convex/getsysinfo = unknown
/usr/bin/hostinfo      = unknown
/bin/machine           = unknown
/usr/bin/oslevel       = unknown
/bin/universe          = unknown

PATH: /Programs/Rust/1.41.0/bin
PATH: /usr/bin
PATH: /Programs/Rust/1.41.0/bin
PATH: /usr/bin
PATH: /usr/bin
PATH: /bin
PATH: /bin
PATH: /usr/bin
PATH: /usr/bin
PATH: /usr/bin
PATH: .


## ----------- ##
## Core tests. ##
## ----------- ##

configure:2226: checking for a BSD-compatible install
configure:2294: result: /usr/bin/install -c
configure:2305: checking whether build environment is sane
configure:2360: result: yes
configure:2509: checking for a thread-safe mkdir -p
configure:2548: result: /usr/bin/mkdir -p
configure:2555: checking for gawk
configure:2571: found /usr/bin/gawk
configure:2582: result: gawk
configure:2593: checking whether make sets $(MAKE)
configure:2615: result: yes
configure:2644: checking whether make supports nested variables
configure:2661: result: yes
configure:2750: checking whether UID '0' is supported by ustar format
configure:2753: result: yes
configure:2760: checking whether GID '0' is supported by ustar format
configure:2763: result: yes
configure:2771: checking how to create a ustar tar archive
configure:2782: tar --version
tar (GNU tar) 1.32
Copyright (C) 2019 Free Software Foundation, Inc.
License GPLv3+: GNU GPL version 3 or later <https://gnu.org/licenses/gpl.html>.
This is free software: you are free to change and redistribute it.
There is NO WARRANTY, to the extent permitted by law.

Written by John Gilmore and Jay Fenlason.
configure:2785: $? = 0
configure:2825: tardir=conftest.dir && eval tar --format=ustar -chf - "$tardir" >conftest.tar
configure:2828: $? = 0
configure:2832: tar -xf - <conftest.tar
configure:2835: $? = 0
configure:2837: cat conftest.dir/file
GrepMe
configure:2840: $? = 0
configure:2853: result: gnutar
configure:2904: checking whether to enable maintainer-specific portions of Makefiles
configure:2913: result: yes
configure:2941: checking whether make supports nested variables
configure:2958: result: yes
configure:3019: checking for gcc
configure:3035: found /usr/bin/gcc
configure:3046: result: gcc
configure:3275: checking for C compiler version
configure:3284: gcc --version >&5
gcc (GCC) 9.2.0
Copyright (C) 2019 Free Software Foundation, Inc.
This is free software; see the source for copying conditions.  There is NO
warranty; not even for MERCHANTABILITY or FITNESS FOR A PARTICULAR PURPOSE.

configure:3295: $? = 0
configure:3284: gcc -v >&5
Using built-in specs.
COLLECT_GCC=gcc
COLLECT_LTO_WRAPPER=/Programs/GCC/9.2.0/bin/../lib/gcc/x86_64-pc-linux-gnu/9.2.0/lto-wrapper
Target: x86_64-pc-linux-gnu
Configured with: /Data/Compile/Sources/gcc-9.2.0/./configure --prefix=/usr --sysconfdir=/System/Settings --localstatedir=/Data/Variable --mandir=/usr/share/man --libexecdir=/usr/lib/gcc --libexecdir=/usr/lib --with-cpp-install-dir=lib --enable-shared --enable-threads=posix --enable-__cxa_atexit --enable-clocale=gnu --enable-languages=c,c++,objc --with-system-zlib --disable-bootstrap --enable-lto --enable-plugin --enable-install-libiberty --with-mpfr=/Programs/MPFR/4.0.2 --with-cpu-64=generic --disable-multilib : (reconfigured) /Data/Compile/Sources/gcc-9.2.0/./configure --prefix=/usr --sysconfdir=/System/Settings --localstatedir=/Data/Variable --mandir=/usr/share/man --libexecdir=/usr/lib/gcc --libexecdir=/usr/lib --with-cpp-install-dir=lib --enable-shared --enable-threads=posix --enable-__cxa_atexit --enable-clocale=gnu --enable-languages=c,c++,objc,fortran --with-system-zlib --disable-bootstrap --enable-lto --enable-plugin --enable-install-libiberty --with-mpfr=/Programs/MPFR/4.0.2 --with-cpu-64=generic --disable-multilib
Thread model: posix
gcc version 9.2.0 (GCC) 
configure:3295: $? = 0
configure:3284: gcc -V >&5
gcc: error: unrecognized command line option '-V'
gcc: fatal error: no input files
compilation terminated.
configure:3295: $? = 1
configure:3284: gcc -qversion >&5
gcc: error: unrecognized command line option '-qversion'; did you mean '--version'?
gcc: fatal error: no input files
compilation terminated.
configure:3295: $? = 1
configure:3315: checking whether the C compiler works
configure:3337: gcc -O2 -fomit-frame-pointer -pipe  -L/Programs/GTK-Doc/1.33.0/lib conftest.c  >&5
configure:3341: $? = 0
configure:3389: result: yes
configure:3392: checking for C compiler default output file name
configure:3394: result: a.out
configure:3400: checking for suffix of executables
configure:3407: gcc -o conftest -O2 -fomit-frame-pointer -pipe  -L/Programs/GTK-Doc/1.33.0/lib conftest.c  >&5
configure:3411: $? = 0
configure:3433: result: 
configure:3455: checking whether we are cross compiling
configure:3463: gcc -o conftest -O2 -fomit-frame-pointer -pipe  -L/Programs/GTK-Doc/1.33.0/lib conftest.c  >&5
configure:3467: $? = 0
configure:3474: ./conftest
configure:3478: $? = 0
configure:3466: result: no
configure:3471: checking for suffix of object files
configure:3493: gcc -c -O2 -fomit-frame-pointer -pipe  conftest.c >&5
configure:3497: $? = 0
configure:3518: result: o
configure:3522: checking whether we are using the GNU C compiler
configure:3541: gcc -c -O2 -fomit-frame-pointer -pipe  conftest.c >&5
configure:3541: $? = 0
configure:3550: result: yes
configure:3559: checking whether gcc accepts -g
configure:3579: gcc -c -g  conftest.c >&5
configure:3579: $? = 0
configure:3620: result: yes
configure:3637: checking for gcc option to accept ISO C89
configure:3700: gcc  -c -O2 -fomit-frame-pointer -pipe  conftest.c >&5
configure:3700: $? = 0
configure:3713: result: none needed
configure:3738: checking whether gcc understands -c and -o together
configure:3760: gcc -c conftest.c -o conftest2.o
configure:3763: $? = 0
configure:3760: gcc -c conftest.c -o conftest2.o
configure:3763: $? = 0
configure:3775: result: yes
configure:3795: checking whether make supports the include directive
configure:3810: make -f confmf.GNU && cat confinc.out
this is the am__doit target
configure:3813: $? = 0
configure:3832: result: yes (GNU style)
configure:3857: checking dependency style of gcc
configure:3968: result: gcc3
configure:4015: checking build system type
configure:4029: result: x86_64-pc-linux-gnu
configure:4049: checking host system type
configure:4062: result: x86_64-pc-linux-gnu
configure:4103: checking how to print strings
configure:4130: result: printf
configure:4151: checking for a sed that does not truncate output
configure:4215: result: /usr/bin/sed
configure:4233: checking for grep that handles long lines and -e
configure:4291: result: /usr/bin/grep
configure:4296: checking for egrep
configure:4358: result: /usr/bin/grep -E
configure:4363: checking for fgrep
configure:4425: result: /usr/bin/grep -F
configure:4460: checking for ld used by gcc
configure:4527: result: /usr/bin/ld
configure:4534: checking if the linker (/usr/bin/ld) is GNU ld
configure:4549: result: yes
configure:4561: checking for BSD- or MS-compatible name lister (nm)
configure:4615: result: /usr/bin/nm -B
configure:4745: checking the name lister (/usr/bin/nm -B) interface
configure:4752: gcc -c -O2 -fomit-frame-pointer -pipe  conftest.c >&5
configure:4755: /usr/bin/nm -B "conftest.o"
configure:4758: output
0000000000000000 B some_variable
configure:4759: result: BSD nm
configure:4762: checking whether ln -s works
configure:4766: result: yes
configure:4774: checking the maximum length of command line arguments
configure:4905: result: 1572864
configure:4953: checking how to convert x86_64-pc-linux-gnu file names to x86_64-pc-linux-gnu format
configure:4993: result: func_convert_file_noop
configure:5000: checking how to convert x86_64-pc-linux-gnu file names to toolchain format
configure:5020: result: func_convert_file_noop
configure:5027: checking for /usr/bin/ld option to reload object files
configure:5034: result: -r
configure:5108: checking for objdump
configure:5124: found /usr/bin/objdump
configure:5135: result: objdump
configure:5167: checking how to recognize dependent libraries
configure:5367: result: pass_all
configure:5452: checking for dlltool
configure:5482: result: no
configure:5512: checking how to associate runtime and link libraries
configure:5539: result: printf %s\n
configure:5600: checking for ar
configure:5616: found /usr/bin/ar
configure:5627: result: ar
configure:5664: checking for archiver @FILE support
configure:5681: gcc -c -O2 -fomit-frame-pointer -pipe  conftest.c >&5
configure:5681: $? = 0
configure:5684: ar cru libconftest.a @conftest.lst >&5
configure:5687: $? = 0
configure:5692: ar cru libconftest.a @conftest.lst >&5
ar: conftest.o: No such file or directory
configure:5695: $? = 1
configure:5694: result: @
configure:5752: checking for strip
configure:5768: found /usr/bin/strip
configure:5779: result: strip
configure:5851: checking for ranlib
configure:5867: found /usr/bin/ranlib
configure:5878: result: ranlib
configure:5980: checking command to parse /usr/bin/nm -B output from gcc object
configure:6133: gcc -c -O2 -fomit-frame-pointer -pipe  conftest.c >&5
configure:6136: $? = 0
configure:6140: /usr/bin/nm -B conftest.o \| sed -n -e 's/^.*[ ]\([ABCDGIRSTW][ABCDGIRSTW]*\)[ ][ ]*\([_A-Za-z][_A-Za-z0-9]*\)$/\1 \2 \2/p' | sed '/ __gnu_lto/d' \> conftest.nm
configure:6143: $? = 0
configure:6209: gcc -o conftest -O2 -fomit-frame-pointer -pipe  -L/Programs/GTK-Doc/1.33.0/lib conftest.c conftstm.o >&5
configure:6212: $? = 0
configure:6250: result: ok
configure:6297: checking for sysroot
configure:6327: result: no
configure:6334: checking for a working dd
configure:6372: result: /usr/bin/dd
configure:6376: checking how to truncate binary pipes
configure:6391: result: /usr/bin/dd bs=4096 count=1
configure:6527: gcc -c -O2 -fomit-frame-pointer -pipe  conftest.c >&5
configure:6530: $? = 0
configure:6720: checking for mt
configure:6750: result: no
configure:6770: checking if : is a manifest tool
configure:6776: : '-?'
configure:6784: result: no
configure:7461: checking how to run the C preprocessor
configure:7492: gcc -E  conftest.c
configure:7492: $? = 0
configure:7506: gcc -E  conftest.c
conftest.c:11:10: fatal error: ac_nonexistent.h: No such file or directory
   11 | #include <ac_nonexistent.h>
      |          ^~~~~~~~~~~~~~~~~~
compilation terminated.
configure:7506: $? = 1
configure: failed program was:
| /* confdefs.h */
| #define PACKAGE_NAME "gtk-doc"
| #define PACKAGE_TARNAME "gtk-doc"
| #define PACKAGE_VERSION "1.33.0"
| #define PACKAGE_STRING "gtk-doc 1.33.0"
| #define PACKAGE_BUGREPORT "https://gitlab.gnome.org/GNOME/gtk-doc/issues"
| #define PACKAGE_URL ""
| #define PACKAGE "gtk-doc"
| #define VERSION "1.33.0"
| /* end confdefs.h.  */
| #include <ac_nonexistent.h>
configure:7531: result: gcc -E
configure:7551: gcc -E  conftest.c
configure:7551: $? = 0
configure:7565: gcc -E  conftest.c
conftest.c:11:10: fatal error: ac_nonexistent.h: No such file or directory
   11 | #include <ac_nonexistent.h>
      |          ^~~~~~~~~~~~~~~~~~
compilation terminated.
configure:7565: $? = 1
configure: failed program was:
| /* confdefs.h */
| #define PACKAGE_NAME "gtk-doc"
| #define PACKAGE_TARNAME "gtk-doc"
| #define PACKAGE_VERSION "1.33.0"
| #define PACKAGE_STRING "gtk-doc 1.33.0"
| #define PACKAGE_BUGREPORT "https://gitlab.gnome.org/GNOME/gtk-doc/issues"
| #define PACKAGE_URL ""
| #define PACKAGE "gtk-doc"
| #define VERSION "1.33.0"
| /* end confdefs.h.  */
| #include <ac_nonexistent.h>
configure:7594: checking for ANSI C header files
configure:7614: gcc -c -O2 -fomit-frame-pointer -pipe  conftest.c >&5
configure:7614: $? = 0
configure:7687: gcc -o conftest -O2 -fomit-frame-pointer -pipe  -L/Programs/GTK-Doc/1.33.0/lib conftest.c  >&5
configure:7687: $? = 0
configure:7687: ./conftest
configure:7687: $? = 0
configure:7698: result: yes
configure:7711: checking for sys/types.h
configure:7711: gcc -c -O2 -fomit-frame-pointer -pipe  conftest.c >&5
configure:7711: $? = 0
configure:7711: result: yes
configure:7711: checking for sys/stat.h
configure:7711: gcc -c -O2 -fomit-frame-pointer -pipe  conftest.c >&5
configure:7711: $? = 0
configure:7711: result: yes
configure:7711: checking for stdlib.h
configure:7711: gcc -c -O2 -fomit-frame-pointer -pipe  conftest.c >&5
configure:7711: $? = 0
configure:7711: result: yes
configure:7711: checking for string.h
configure:7711: gcc -c -O2 -fomit-frame-pointer -pipe  conftest.c >&5
configure:7711: $? = 0
configure:7711: result: yes
configure:7711: checking for memory.h
configure:7711: gcc -c -O2 -fomit-frame-pointer -pipe  conftest.c >&5
configure:7711: $? = 0
configure:7711: result: yes
configure:7711: checking for strings.h
configure:7711: gcc -c -O2 -fomit-frame-pointer -pipe  conftest.c >&5
configure:7711: $? = 0
configure:7711: result: yes
configure:7711: checking for inttypes.h
configure:7711: gcc -c -O2 -fomit-frame-pointer -pipe  conftest.c >&5
configure:7711: $? = 0
configure:7711: result: yes
configure:7711: checking for stdint.h
configure:7711: gcc -c -O2 -fomit-frame-pointer -pipe  conftest.c >&5
configure:7711: $? = 0
configure:7711: result: yes
configure:7711: checking for unistd.h
configure:7711: gcc -c -O2 -fomit-frame-pointer -pipe  conftest.c >&5
configure:7711: $? = 0
configure:7711: result: yes
configure:7725: checking for dlfcn.h
configure:7725: gcc -c -O2 -fomit-frame-pointer -pipe  conftest.c >&5
configure:7725: $? = 0
configure:7725: result: yes
configure:7981: checking for objdir
configure:7996: result: .libs
configure:8260: checking if gcc supports -fno-rtti -fno-exceptions
configure:8278: gcc -c -O2 -fomit-frame-pointer -pipe  -fno-rtti -fno-exceptions conftest.c >&5
cc1: warning: command line option '-fno-rtti' is valid for C++/D/ObjC++ but not for C
configure:8282: $? = 0
configure:8295: result: no
configure:8653: checking for gcc option to produce PIC
configure:8660: result: -fPIC -DPIC
configure:8668: checking if gcc PIC flag -fPIC -DPIC works
configure:8686: gcc -c -O2 -fomit-frame-pointer -pipe  -fPIC -DPIC -DPIC conftest.c >&5
configure:8690: $? = 0
configure:8703: result: yes
configure:8732: checking if gcc static flag -static works
configure:8760: result: yes
configure:8775: checking if gcc supports -c -o file.o
configure:8796: gcc -c -O2 -fomit-frame-pointer -pipe  -o out/conftest2.o conftest.c >&5
configure:8800: $? = 0
configure:8822: result: yes
configure:8830: checking if gcc supports -c -o file.o
configure:8877: result: yes
configure:8910: checking whether the gcc linker (/usr/bin/ld -m elf_x86_64) supports shared libraries
configure:10169: result: yes
configure:10206: checking whether -lc should be explicitly linked in
configure:10214: gcc -c -O2 -fomit-frame-pointer -pipe  conftest.c >&5
configure:10217: $? = 0
configure:10232: gcc -shared  -fPIC -DPIC conftest.o  -v -Wl,-soname -Wl,conftest -o conftest 2\>\&1 \| /usr/bin/grep  -lc  \>/dev/null 2\>\&1
configure:10235: $? = 0
configure:10249: result: no
configure:10409: checking dynamic linker characteristics
configure:10990: gcc -o conftest -O2 -fomit-frame-pointer -pipe  -L/Programs/GTK-Doc/1.33.0/lib -Wl,-rpath -Wl,/foo conftest.c  >&5
configure:10990: $? = 0
configure:11227: result: GNU/Linux ld.so
configure:11349: checking how to hardcode library paths into programs
configure:11374: result: immediate
configure:11922: checking whether stripping libraries is possible
configure:11927: result: yes
configure:11962: checking if libtool supports shared libraries
configure:11964: result: yes
configure:11967: checking whether to build shared libraries
configure:11992: result: yes
configure:11995: checking whether to build static libraries
configure:11999: result: yes
configure:8883: checking for pkg-config
configure:8901: found /usr/bin/pkg-config
configure:8913: result: /usr/bin/pkg-config
configure:8938: checking pkg-config is at least version 0.19
configure:8941: result: yes
configure:8985: checking for a Python interpreter with version >= 3.2
configure:9002: python -c import sys # split strings by '.' and convert to numeric. Append some zeros # because we need at least 4 digits for the hex conversion. # map returns an iterator in Python 3.0 and a list in 2.x minver = list(map(int, '3.2'.split('.'))) + [0, 0, 0] minverhex = 0 # xrange is not present in Python 3.0 and range returns an iterator for i in list(range(0, 4)): minverhex = (minverhex << 8) + minver[i] sys.exit(sys.hexversion < minverhex)
./configure: line 9003: python: command not found
configure:9005: $? = 127
configure:9002: python2 -c import sys # split strings by '.' and convert to numeric. Append some zeros # because we need at least 4 digits for the hex conversion. # map returns an iterator in Python 3.0 and a list in 2.x minver = list(map(int, '3.2'.split('.'))) + [0, 0, 0] minverhex = 0 # xrange is not present in Python 3.0 and range returns an iterator for i in list(range(0, 4)): minverhex = (minverhex << 8) + minver[i] sys.exit(sys.hexversion < minverhex)
./configure: line 9003: python2: command not found
configure:9005: $? = 127
configure:9002: python3 -c import sys # split strings by '.' and convert to numeric. Append some zeros # because we need at least 4 digits for the hex conversion. # map returns an iterator in Python 3.0 and a list in 2.x minver = list(map(int, '3.2'.split('.'))) + [0, 0, 0] minverhex = 0 # xrange is not present in Python 3.0 and range returns an iterator for i in list(range(0, 4)): minverhex = (minverhex << 8) + minver[i] sys.exit(sys.hexversion < minverhex)
configure:9005: $? = 0
configure:9011: result: python3
configure:9019: checking for python3
configure:9037: found /usr/bin/python3
configure:9049: result: /usr/bin/python3
configure:9067: checking for python3 version
configure:9074: result: 3.8
configure:9086: checking for python3 platform
configure:9093: result: linux
configure:9119: checking for python3 script directory
configure:9154: result: ${prefix}/lib/python3.8/site-packages
configure:9163: checking for python3 extension module directory
configure:9198: result: ${exec_prefix}/lib/python3.8/site-packages
configure:9214: checking for xsltproc
configure:9232: found /usr/bin/xsltproc
configure:9244: result: /usr/bin/xsltproc
configure:9258: checking for dblatex
configure:9291: result: no
configure:9299: checking for fop
configure:9332: result: no
configure:9338: WARNING: neither dblatex nor fop found, so no pdf output from xml
configure:9352: checking for XML catalog
configure:9379: result: /Data/Variable/lib/xml/catalog
configure:9390: checking for xmlcatalog
configure:9408: found /usr/bin/xmlcatalog
configure:9421: result: /usr/bin/xmlcatalog
configure:9440: checking for DocBook XML DTD V4.3 in XML catalog
configure:9443: $XMLCATALOG --noout "$XML_CATALOG_FILE" "-//OASIS//DTD DocBook XML V4.3//EN" >&2
No entry for PUBLIC -//OASIS//DTD DocBook XML V4.3//EN
configure:9446: $? = 4
configure:9452: result: not found
configure:9454: error: could not find DocBook XML DTD V4.3 in XML catalog

## ---------------- ##
## Cache variables. ##
## ---------------- ##

ac_cv_build=x86_64-pc-linux-gnu
ac_cv_c_compiler_gnu=yes
ac_cv_env_CC_set=
ac_cv_env_CC_value=
ac_cv_env_CFLAGS_set=set
ac_cv_env_CFLAGS_value='-O2 -fomit-frame-pointer -pipe'
ac_cv_env_CPPFLAGS_set=
ac_cv_env_CPPFLAGS_value=
ac_cv_env_CPP_set=
ac_cv_env_CPP_value=
ac_cv_env_LDFLAGS_set=set
ac_cv_env_LDFLAGS_value=-L/Programs/GTK-Doc/1.33.0/lib
ac_cv_env_LIBS_set=
ac_cv_env_LIBS_value=
ac_cv_env_LT_SYS_LIBRARY_PATH_set=
ac_cv_env_LT_SYS_LIBRARY_PATH_value=
ac_cv_env_PKG_CONFIG_LIBDIR_set=
ac_cv_env_PKG_CONFIG_LIBDIR_value=
ac_cv_env_PKG_CONFIG_PATH_set=
ac_cv_env_PKG_CONFIG_PATH_value=
ac_cv_env_PKG_CONFIG_set=
ac_cv_env_PKG_CONFIG_value=
ac_cv_env_PYTHON_set=
ac_cv_env_PYTHON_value=
ac_cv_env_TEST_DEPS_CFLAGS_set=
ac_cv_env_TEST_DEPS_CFLAGS_value=
ac_cv_env_TEST_DEPS_LIBS_set=
ac_cv_env_TEST_DEPS_LIBS_value=
ac_cv_env_build_alias_set=
ac_cv_env_build_alias_value=
ac_cv_env_host_alias_set=
ac_cv_env_host_alias_value=
ac_cv_env_target_alias_set=
ac_cv_env_target_alias_value=
ac_cv_header_dlfcn_h=yes
ac_cv_header_inttypes_h=yes
ac_cv_header_memory_h=yes
ac_cv_header_stdc=yes
ac_cv_header_stdint_h=yes
ac_cv_header_stdlib_h=yes
ac_cv_header_string_h=yes
ac_cv_header_strings_h=yes
ac_cv_header_sys_stat_h=yes
ac_cv_header_sys_types_h=yes
ac_cv_header_unistd_h=yes
ac_cv_host=x86_64-pc-linux-gnu
ac_cv_objext=o
ac_cv_path_EGREP='/usr/bin/grep -E'
ac_cv_path_FGREP='/usr/bin/grep -F'
ac_cv_path_GREP=/usr/bin/grep
ac_cv_path_PYTHON=/usr/bin/python3
ac_cv_path_SED=/usr/bin/sed
ac_cv_path_XMLCATALOG=/usr/bin/xmlcatalog
ac_cv_path_XSLTPROC=/usr/bin/xsltproc
ac_cv_path_ac_pt_PKG_CONFIG=/usr/bin/pkg-config
ac_cv_path_install='/usr/bin/install -c'
ac_cv_path_lt_DD=/usr/bin/dd
ac_cv_path_mkdir=/usr/bin/mkdir
ac_cv_prog_AWK=gawk
ac_cv_prog_CPP='gcc -E'
ac_cv_prog_ac_ct_AR=ar
ac_cv_prog_ac_ct_CC=gcc
ac_cv_prog_ac_ct_OBJDUMP=objdump
ac_cv_prog_ac_ct_RANLIB=ranlib
ac_cv_prog_ac_ct_STRIP=strip
ac_cv_prog_cc_c89=
ac_cv_prog_cc_g=yes
ac_cv_prog_make_make_set=yes
am_cv_CC_dependencies_compiler_type=gcc3
am_cv_make_support_nested_variables=yes
am_cv_pathless_PYTHON=python3
am_cv_prog_cc_c_o=yes
am_cv_prog_tar_ustar=gnutar
am_cv_python_platform=linux
am_cv_python_pyexecdir='${exec_prefix}/lib/python3.8/site-packages'
am_cv_python_pythondir='${prefix}/lib/python3.8/site-packages'
am_cv_python_version=3.8
lt_cv_ar_at_file=@
lt_cv_archive_cmds_need_lc=no
lt_cv_deplibs_check_method=pass_all
lt_cv_file_magic_cmd='$MAGIC_CMD'
lt_cv_file_magic_test_file=
lt_cv_ld_reload_flag=-r
lt_cv_nm_interface='BSD nm'
lt_cv_objdir=.libs
lt_cv_path_LD=/usr/bin/ld
lt_cv_path_NM='/usr/bin/nm -B'
lt_cv_path_mainfest_tool=no
lt_cv_prog_compiler_c_o=yes
lt_cv_prog_compiler_pic='-fPIC -DPIC'
lt_cv_prog_compiler_pic_works=yes
lt_cv_prog_compiler_rtti_exceptions=no
lt_cv_prog_compiler_static_works=yes
lt_cv_prog_gnu_ld=yes
lt_cv_sharedlib_from_linklib_cmd='printf %s\n'
lt_cv_shlibpath_overrides_runpath=yes
lt_cv_sys_global_symbol_pipe='sed -n -e '\''s/^.*[	 ]\([ABCDGIRSTW][ABCDGIRSTW]*\)[	 ][	 ]*\([_A-Za-z][_A-Za-z0-9]*\)$/\1 \2 \2/p'\'' | sed '\''/ __gnu_lto/d'\'''
lt_cv_sys_global_symbol_to_c_name_address='sed -n -e '\''s/^: \(.*\) .*$/  {"\1", (void *) 0},/p'\'' -e '\''s/^[ABCDGIRSTW][ABCDGIRSTW]* .* \(.*\)$/  {"\1", (void *) \&\1},/p'\'''
lt_cv_sys_global_symbol_to_c_name_address_lib_prefix='sed -n -e '\''s/^: \(.*\) .*$/  {"\1", (void *) 0},/p'\'' -e '\''s/^[ABCDGIRSTW][ABCDGIRSTW]* .* \(lib.*\)$/  {"\1", (void *) \&\1},/p'\'' -e '\''s/^[ABCDGIRSTW][ABCDGIRSTW]* .* \(.*\)$/  {"lib\1", (void *) \&\1},/p'\'''
lt_cv_sys_global_symbol_to_cdecl='sed -n -e '\''s/^T .* \(.*\)$/extern int \1();/p'\'' -e '\''s/^[ABCDGIRSTW][ABCDGIRSTW]* .* \(.*\)$/extern char \1;/p'\'''
lt_cv_sys_global_symbol_to_import=
lt_cv_sys_max_cmd_len=1572864
lt_cv_to_host_file_cmd=func_convert_file_noop
lt_cv_to_tool_file_cmd=func_convert_file_noop
lt_cv_truncate_bin='/usr/bin/dd bs=4096 count=1'

## ----------------- ##
## Output variables. ##
## ----------------- ##

ACLOCAL='${SHELL} /Data/Compile/Sources/gtk-doc-1.33.0/build-aux/missing aclocal-1.16'
AMDEPBACKSLASH='\'
AMDEP_FALSE='#'
AMDEP_TRUE=''
AMTAR='$${TAR-tar}'
AM_BACKSLASH='\'
AM_DEFAULT_V='$(AM_DEFAULT_VERBOSITY)'
AM_DEFAULT_VERBOSITY='0'
AM_V='$(V)'
AR='ar'
AUTOCONF='${SHELL} /Data/Compile/Sources/gtk-doc-1.33.0/build-aux/missing autoconf'
AUTOHEADER='${SHELL} /Data/Compile/Sources/gtk-doc-1.33.0/build-aux/missing autoheader'
AUTOMAKE='${SHELL} /Data/Compile/Sources/gtk-doc-1.33.0/build-aux/missing automake-1.16'
AWK='gawk'
BUILD_TESTS_FALSE=''
BUILD_TESTS_TRUE=''
CC='gcc'
CCDEPMODE='depmode=gcc3'
CFLAGS='-O2 -fomit-frame-pointer -pipe'
CPP='gcc -E'
CPPFLAGS=''
CYGPATH_W='echo'
DATE_FMT_CMD=''
DBLATEX=''
DEFS=''
DEPDIR='.deps'
DLLTOOL='false'
DSYMUTIL=''
DUMPBIN=''
ECHO_C=''
ECHO_N='-n'
ECHO_T=''
EGREP='/usr/bin/grep -E'
ELAPSED_FMT=''
EXEEXT=''
FGREP='/usr/bin/grep -F'
FOP=''
GREP='/usr/bin/grep'
GTK_DOC_USE_LIBTOOL_FALSE=''
GTK_DOC_USE_LIBTOOL_TRUE=''
HAVE_YELP_TOOLS_FALSE=''
HAVE_YELP_TOOLS_TRUE=''
INSTALL_DATA='${INSTALL} -m 644'
INSTALL_PROGRAM='${INSTALL}'
INSTALL_SCRIPT='${INSTALL}'
INSTALL_STRIP_PROGRAM='$(install_sh) -c -s'
LD='/usr/bin/ld -m elf_x86_64'
LDFLAGS='-L/Programs/GTK-Doc/1.33.0/lib'
LIBOBJS=''
LIBS=''
LIBTOOL='$(SHELL) $(top_builddir)/libtool'
LIPO=''
LN_S='ln -s'
LTLIBOBJS=''
LT_SYS_LIBRARY_PATH=''
MAINT=''
MAINTAINER_MODE_FALSE='#'
MAINTAINER_MODE_TRUE=''
MAKEINFO='${SHELL} /Data/Compile/Sources/gtk-doc-1.33.0/build-aux/missing makeinfo'
MANIFEST_TOOL=':'
MKDIR_P='/usr/bin/mkdir -p'
NM='/usr/bin/nm -B'
NMEDIT=''
OBJDUMP='objdump'
OBJEXT='o'
OTOOL64=''
OTOOL=''
PACKAGE='gtk-doc'
PACKAGE_BUGREPORT='https://gitlab.gnome.org/GNOME/gtk-doc/issues'
PACKAGE_DATA_DIR=''
PACKAGE_NAME='gtk-doc'
PACKAGE_STRING='gtk-doc 1.33.0'
PACKAGE_TARNAME='gtk-doc'
PACKAGE_URL=''
PACKAGE_VERSION='1.33.0'
PATH_SEPARATOR=':'
PKG_CONFIG='/usr/bin/pkg-config'
PKG_CONFIG_LIBDIR=''
PKG_CONFIG_PATH=''
PYTHON='/usr/bin/python3'
PYTHON_EXEC_PREFIX='${exec_prefix}'
PYTHON_PACKAGE_DIR=''
PYTHON_PLATFORM='linux'
PYTHON_PREFIX='${prefix}'
PYTHON_VERSION='3.8'
RANLIB='ranlib'
SED='/usr/bin/sed'
SET_MAKE=''
SHELL='/bin/sh'
STRIP='strip'
TEST_DEPS_CFLAGS=''
TEST_DEPS_LIBS=''
TS_FMT=''
VERSION='1.33.0'
XMLCATALOG='/usr/bin/xmlcatalog'
XML_CATALOG_FILE='/Data/Variable/lib/xml/catalog'
XSLTPROC='/usr/bin/xsltproc'
ac_ct_AR='ar'
ac_ct_CC='gcc'
ac_ct_DUMPBIN=''
am__EXEEXT_FALSE=''
am__EXEEXT_TRUE=''
am__fastdepCC_FALSE='#'
am__fastdepCC_TRUE=''
am__include='include'
am__isrc=''
am__leading_dot='.'
am__nodep='_no'
am__quote=''
am__tar='tar --format=ustar -chf - "$$tardir"'
am__untar='tar -xf -'
bindir='${exec_prefix}/bin'
build='x86_64-pc-linux-gnu'
build_alias=''
build_cpu='x86_64'
build_os='linux-gnu'
build_vendor='pc'
datadir='${datarootdir}'
datarootdir='${prefix}/share'
docdir='${datarootdir}/doc/${PACKAGE_TARNAME}'
dvidir='${docdir}'
exec_prefix='NONE'
glib_prefix=''
host='x86_64-pc-linux-gnu'
host_alias=''
host_cpu='x86_64'
host_os='linux-gnu'
host_vendor='pc'
htmldir='${docdir}'
includedir='${prefix}/include'
infodir='${datarootdir}/info'
install_sh='${SHELL} /Data/Compile/Sources/gtk-doc-1.33.0/build-aux/install-sh'
libdir='${exec_prefix}/lib'
libexecdir='/usr/lib/gtk-doc'
localedir='${datarootdir}/locale'
localstatedir='/Data/Variable'
mandir='/usr/share/man'
mkdir_p='$(MKDIR_P)'
oldincludedir='/usr/include'
pdfdir='${docdir}'
pkgpyexecdir='${pyexecdir}/gtk-doc'
pkgpythondir='${pythondir}/gtk-doc'
prefix='/usr'
program_transform_name='s,x,x,'
psdir='${docdir}'
pyexecdir='${exec_prefix}/lib/python3.8/site-packages'
pythondir='${prefix}/lib/python3.8/site-packages'
sbindir='${exec_prefix}/sbin'
sharedstatedir='${prefix}/com'
sysconfdir='/System/Settings'
target_alias=''

## ----------- ##
## confdefs.h. ##
## ----------- ##

/* confdefs.h */
#define PACKAGE_NAME "gtk-doc"
#define PACKAGE_TARNAME "gtk-doc"
#define PACKAGE_VERSION "1.33.0"
#define PACKAGE_STRING "gtk-doc 1.33.0"
#define PACKAGE_BUGREPORT "https://gitlab.gnome.org/GNOME/gtk-doc/issues"
#define PACKAGE_URL ""
#define PACKAGE "gtk-doc"
#define VERSION "1.33.0"
#define STDC_HEADERS 1
#define HAVE_SYS_TYPES_H 1
#define HAVE_SYS_STAT_H 1
#define HAVE_STDLIB_H 1
#define HAVE_STRING_H 1
#define HAVE_MEMORY_H 1
#define HAVE_STRINGS_H 1
#define HAVE_INTTYPES_H 1
#define HAVE_STDINT_H 1
#define HAVE_UNISTD_H 1
#define HAVE_DLFCN_H 1
#define LT_OBJDIR ".libs/"

configure: exit 1
root@LiveCD ~]
